METAR historical fetch error: 'list' object has no attribute 'get'
METAR historical fetch error: 'list' object has no attribute 'get'
METAR historical fetch error: 'list' object has no attribute 'get'
METAR historical fetch error: 'list' object has no attribute 'get'
METAR historical fetch error: 'list' object has no attribute 'get'
Open-Meteo current weather error: HTTPSConnectionPool(host='api.open-meteo.com', port=443): Read timed out. (read timeout=10)
METAR historical fetch error: 'list' object has no attribute 'get'
METAR historical fetch error: 'list' object has no attribute 'get'
METAR historical fetch error: 'list' object has no attribute 'get'

================================================================================
Example 1: Single City Weather
================================================================================

🌍 Fetching weather for New York City
   Location: (40.7789, -73.9692)
   Station: KNYC

📊 Current Conditions:
   Temperature: 35.5°C
   Feels like: 35.2°C
   Humidity: 33%
   Wind: 23.7 km/h
   Pressure: 1014.3 hPa

📈 Forecasts:
   Hourly points: 168
   Daily points: 7
   First day: High 35.6°C, Low 21.6°C
   Ensemble points: 7
   First ensemble: 28.6°C ± 4.9°C

🤖 ML Features extracted: 20

📊 Market Probabilities (next 24h):
   P(T > 15°C) = 100.0%
   P(Wind > 25 km/h) = 2.3%

================================================================================
Example 2: All Cities Comparison
================================================================================

================================================================================
🌦️ KALSHI CITIES WEATHER COMPARISON
================================================================================

🌍 Fetching weather for New York City
   Location: (40.7789, -73.9692)
   Station: KNYC

📊 Current Conditions:
   Temperature: 35.5°C
   Feels like: 35.2°C
   Humidity: 33%
   Wind: 23.7 km/h
   Pressure: 1014.3 hPa

📈 Forecasts:
   Hourly points: 168
   Daily points: 7
   First day: High 35.6°C, Low 21.6°C
   Ensemble points: 7
   First ensemble: 28.6°C ± 4.9°C

🤖 ML Features extracted: 20

📊 Market Probabilities (next 24h):
   P(T > 15°C) = 100.0%
   P(Wind > 25 km/h) = 2.3%

🌍 Fetching weather for Chicago
   Location: (41.7842, -87.7553)
   Station: KMDW

📊 Current Conditions:
   Temperature: 25.1°C
   Feels like: 23.8°C
   Humidity: 66%
   Wind: 29.2 km/h
   Pressure: 1013.2 hPa

📈 Forecasts:
   Hourly points: 168
   Daily points: 7
   First day: High 24.9°C, Low 15.1°C
   Ensemble points: 7
   First ensemble: 21.0°C ± 2.8°C

🤖 ML Features extracted: 20

📊 Market Probabilities (next 24h):
   P(T > 15°C) = 54.5%
   P(Wind > 25 km/h) = 6.8%

🌍 Fetching weather for Miami
   Location: (25.7933, -80.2906)
   Station: KMIA

📊 Current Conditions:
   Temperature: 28.1°C
   Feels like: 31.7°C
   Humidity: 77%
   Wind: 19.4 km/h
   Pressure: 1018.0 hPa

📈 Forecasts:
   Hourly points: 168
   Daily points: 7
   First day: High 28.5°C, Low 24.5°C
   Ensemble points: 7
   First ensemble: 26.2°C ± 1.3°C

🤖 ML Features extracted: 20

📊 Market Probabilities (next 24h):
   P(T > 15°C) = 100.0%
   P(Wind > 25 km/h) = 0.0%

🌍 Fetching weather for Atlanta
   Location: (33.6407, -84.4277)
   Station: KATL

📊 Current Conditions:
   Temperature: 30.7°C
   Feels like: 33.7°C
   Humidity: 40%
   Wind: 6.5 km/h
   Pressure: 1020.3 hPa

📈 Forecasts:
   Hourly points: 168
   Daily points: 7
   First day: High 31.3°C, Low 18.5°C
   Ensemble points: 7
   First ensemble: 24.8°C ± 4.4°C

🤖 ML Features extracted: 20

📊 Market Probabilities (next 24h):
   P(T > 15°C) = 100.0%
   P(Wind > 25 km/h) = 0.0%

🌍 Fetching weather for Dallas
   Location: (32.8968, -97.038)
   Station: KDFW

📊 Current Conditions:
   Temperature: 29.4°C
❌ Error: unsupported format string passed to NoneType.__format__

🌍 Fetching weather for Los Angeles
   Location: (33.9425, -118.4081)
   Station: KLAX

📊 Current Conditions:
   Temperature: 22.3°C
   Feels like: 24.6°C
   Humidity: 61%
   Wind: 12.6 km/h
   Pressure: 1014.8 hPa

📈 Forecasts:
   Hourly points: 168
   Daily points: 7
   First day: High 23.9°C, Low 12.6°C
   Ensemble points: 7
   First ensemble: 18.6°C ± 3.7°C

🤖 ML Features extracted: 20

📊 Market Probabilities (next 24h):
   P(T > 15°C) = 75.0%
   P(Wind > 25 km/h) = 0.0%

🌍 Fetching weather for Denver
   Location: (39.8561, -104.6737)
   Station: KDEN

📊 Current Conditions:
   Temperature: 6.8°C
   Feels like: 3.3°C
   Humidity: 71%
   Wind: 11.5 km/h
   Pressure: 1023.8 hPa

📈 Forecasts:
   Hourly points: 168
   Daily points: 7
   First day: High 7.6°C, Low 2.0°C
   Ensemble points: 7
   First ensemble: 4.9°C ± 1.9°C

🤖 ML Features extracted: 22

📊 Market Probabilities (next 24h):
   P(T > 15°C) = 13.6%
   P(Wind > 25 km/h) = 0.0%

================================================================================
📊 SUMMARY TABLE
================================================================================
City            Temp (°C)    Humidity     Wind (km/h) 
--------------------------------------------------------------------------------
NYC             35.5         33          % 23.7        
Chicago         25.1         66          % 29.2        
Miami           28.1         77          % 19.4        
Atlanta         30.7         40          % 6.5         
LosAngeles      22.3         61          % 12.6        
Denver          6.8          71          % 11.5        

✅ Weather API examples complete!
